"../../../Engine/Content/Functions/Engine_MaterialFunctions01/Shading/PowerToRoughness.uasset" 0
"../../../Engine/Content/Functions/Engine_MaterialFunctions01/Shading/PowerToRoughness.uexp" 1
"../../../Engine/Content/Functions/Engine_MaterialFunctions01/Shading/ConvertFromDiffSpec.uasset" 2
"../../../Engine/Content/Functions/Engine_MaterialFunctions01/Shading/ConvertFromDiffSpec.uexp" 3
"../../../Engine/Content/EngineSounds/Master.uasset" 4
"../../../Engine/Content/EngineSounds/Master.uexp" 5
"../../../Engine/Content/EngineSky/VolumetricClouds/CloudWeatherTexture.uasset" 6
"../../../Engine/Content/EngineSky/VolumetricClouds/CloudWeatherTexture.uexp" 7
"../../../Engine/Content/Functions/Engine_MaterialFunctions02/Utility/MakeFloat2.uasset" 8
"../../../Engine/Content/Functions/Engine_MaterialFunctions02/Utility/MakeFloat2.uexp" 9
"../../../Engine/Content/EngineSky/VolumetricClouds/CloudGradientTexture.uasset" 10
"../../../Engine/Content/EngineSky/VolumetricClouds/CloudGradientTexture.uexp" 11
"../../../Engine/Content/EngineSky/VolumetricClouds/T_NoiseShape64.ubulk" 12
"../../../Engine/Content/EngineSky/VolumetricClouds/T_NoiseShape64.uasset" 13
"../../../Engine/Content/EngineSky/VolumetricClouds/T_NoiseShape64.uexp" 14
"../../../Engine/Content/EngineSky/VolumetricClouds/T_VolumeNoiseShape64.uasset" 15
"../../../Engine/Content/EngineSky/VolumetricClouds/T_VolumeNoiseShape64.uexp" 16
"../../../Engine/Content/EngineSky/VolumetricClouds/T_NoiseErosion.ubulk" 17
"../../../Engine/Content/EngineSky/VolumetricClouds/T_NoiseErosion.uasset" 18
"../../../Engine/Content/EngineSky/VolumetricClouds/T_NoiseErosion.uexp" 19
"../../../Engine/Content/EngineSky/VolumetricClouds/T_VolumeNoiseErosion32.uasset" 20
"../../../Engine/Content/EngineSky/VolumetricClouds/T_VolumeNoiseErosion32.uexp" 21
"../../../Engine/Content/EngineSky/VolumetricClouds/m_SimpleVolumetricCloud.uasset" 22
"../../../Engine/Content/EngineSky/VolumetricClouds/m_SimpleVolumetricCloud.uexp" 23
"../../../Engine/Content/EngineSky/VolumetricClouds/m_SimpleVolumetricCloud_Inst.uasset" 24
"../../../Engine/Content/EngineSky/VolumetricClouds/m_SimpleVolumetricCloud_Inst.uexp" 25
"../../../Engine/Content/EngineResources/GradientTexture0.uasset" 26
"../../../Engine/Content/EngineResources/GradientTexture0.uexp" 27
"../../../Engine/Content/EngineResources/DefaultVolumeTexture2D.uasset" 28
"../../../Engine/Content/EngineResources/DefaultVolumeTexture2D.uexp" 29
"../../../Engine/Content/EngineResources/DefaultVolumeTexture.uasset" 30
"../../../Engine/Content/EngineResources/DefaultVolumeTexture.uexp" 31
"../../../Engine/Content/EngineResources/DefaultTextureCube.uasset" 32
"../../../Engine/Content/EngineResources/DefaultTextureCube.uexp" 33
"../../../Engine/Content/EngineResources/DefaultTexture.ubulk" 34
"../../../Engine/Content/EngineResources/DefaultTexture.uasset" 35
"../../../Engine/Content/EngineResources/DefaultTexture.uexp" 36
"../../../Engine/Content/EngineResources/FilmGrains/Marcie_Grain_v3_128_M2_000.uasset" 37
"../../../Engine/Content/EngineResources/FilmGrains/Marcie_Grain_v3_128_M2_000.uexp" 38
"../../../Engine/Content/EngineMeshes/Sphere.ubulk" 39
"../../../Engine/Content/EngineMeshes/Sphere.uasset" 40
"../../../Engine/Content/EngineMeshes/Sphere.uexp" 41
"../../../Engine/Content/EngineResources/WhiteSquareTexture.uasset" 42
"../../../Engine/Content/EngineResources/WhiteSquareTexture.uexp" 43
"../../../Engine/Content/EngineMaterials/Widget3DPassThrough.uasset" 44
"../../../Engine/Content/EngineMaterials/Widget3DPassThrough.uexp" 45
"../../../Engine/Content/EngineMaterials/Widget3DPassThrough_Translucent.uasset" 46
"../../../Engine/Content/EngineMaterials/Widget3DPassThrough_Translucent.uexp" 47
"../../../Engine/Content/EngineMaterials/Widget3DPassThrough_Translucent_OneSided.uasset" 48
"../../../Engine/Content/EngineMaterials/Widget3DPassThrough_Translucent_OneSided.uexp" 49
"../../../Engine/Content/EngineMaterials/Widget3DPassThrough_Opaque.uasset" 50
"../../../Engine/Content/EngineMaterials/Widget3DPassThrough_Opaque.uexp" 51
"../../../Engine/Content/EngineMaterials/Widget3DPassThrough_Opaque_OneSided.uasset" 52
"../../../Engine/Content/EngineMaterials/Widget3DPassThrough_Opaque_OneSided.uexp" 53
"../../../Engine/Content/EngineMaterials/Widget3DPassThrough_Masked_OneSided.uasset" 54
"../../../Engine/Content/EngineMaterials/Widget3DPassThrough_Masked_OneSided.uexp" 55
"../../../Engine/Content/EngineMaterials/Widget3DPassThrough_Masked.uasset" 56
"../../../Engine/Content/EngineMaterials/Widget3DPassThrough_Masked.uexp" 57
"../../../Engine/Content/EngineMaterials/WeightMapPlaceholderTexture.uasset" 58
"../../../Engine/Content/EngineMaterials/WeightMapPlaceholderTexture.uexp" 59
"../../../Engine/Content/EngineMaterials/RemoveSurfaceMaterial.uasset" 60
"../../../Engine/Content/EngineMaterials/RemoveSurfaceMaterial.uexp" 61
"../../../Engine/Content/EngineMaterials/PreintegratedSkinBRDF.uasset" 62
"../../../Engine/Content/EngineMaterials/PreintegratedSkinBRDF.uexp" 63
"../../../Engine/Content/EngineMaterials/DefaultCalibrationGrayscale.uasset" 64
"../../../Engine/Content/EngineMaterials/DefaultCalibrationGrayscale.uexp" 65
"../../../Engine/Content/EngineMaterials/PPM_DefaultCalibrationGrayscale.uasset" 66
"../../../Engine/Content/EngineMaterials/PPM_DefaultCalibrationGrayscale.uexp" 67
"../../../Engine/Content/EngineMaterials/DefaultCalibrationColor.uasset" 68
"../../../Engine/Content/EngineMaterials/DefaultCalibrationColor.uexp" 69
"../../../Engine/Content/EngineMaterials/PPM_DefaultCalibrationColor.uasset" 70
"../../../Engine/Content/EngineMaterials/PPM_DefaultCalibrationColor.uexp" 71
"../../../Engine/Content/Functions/Engine_MaterialFunctions02/WorldPositionOffset/CameraOffset.uasset" 72
"../../../Engine/Content/Functions/Engine_MaterialFunctions02/WorldPositionOffset/CameraOffset.uexp" 73
"../../../Engine/Content/EngineMaterials/PhAT_JointLimitMaterial.uasset" 74
"../../../Engine/Content/EngineMaterials/PhAT_JointLimitMaterial.uexp" 75
"../../../Engine/Content/EngineMaterials/InvalidLightmapSettings.ubulk" 76
"../../../Engine/Content/EngineMaterials/InvalidLightmapSettings.uasset" 77
"../../../Engine/Content/EngineMaterials/InvalidLightmapSettings.uexp" 78
"../../../Engine/Content/EngineMaterials/M_InvalidLightmapSettings.uasset" 79
"../../../Engine/Content/EngineMaterials/M_InvalidLightmapSettings.uexp" 80
"../../../Engine/Content/EngineMaterials/MiniFont.uasset" 81
"../../../Engine/Content/EngineMaterials/MiniFont.uexp" 82
"../../../Engine/Content/EngineMaterials/Good64x64TilingNoiseHighFreq.uasset" 83
"../../../Engine/Content/EngineMaterials/Good64x64TilingNoiseHighFreq.uexp" 84
"../../../Engine/Content/EngineMaterials/GizmoMaterial.uasset" 85
"../../../Engine/Content/EngineMaterials/GizmoMaterial.uexp" 86
"../../../Engine/Content/EngineMaterials/BaseFlattenEmissiveMap_VT.uasset" 87
"../../../Engine/Content/EngineMaterials/BaseFlattenEmissiveMap_VT.uexp" 88
"../../../Engine/Content/EngineMaterials/BaseFlattenGrayscaleMap_VT.uasset" 89
"../../../Engine/Content/EngineMaterials/BaseFlattenGrayscaleMap_VT.uexp" 90
"../../../Engine/Content/EngineMaterials/BaseFlattenLinearColor_VT.uasset" 91
"../../../Engine/Content/EngineMaterials/BaseFlattenLinearColor_VT.uexp" 92
"../../../Engine/Content/EngineMaterials/Black_1x1_EXR_Texture_VT.uasset" 93
"../../../Engine/Content/EngineMaterials/Black_1x1_EXR_Texture_VT.uexp" 94
"../../../Engine/Content/EngineMaterials/BaseFlattenDiffuseMap_VT.uasset" 95
"../../../Engine/Content/EngineMaterials/BaseFlattenDiffuseMap_VT.uexp" 96
"../../../Engine/Content/EngineMaterials/BaseFlattenNormalMap_VT.uasset" 97
"../../../Engine/Content/EngineMaterials/BaseFlattenNormalMap_VT.uexp" 98
"../../../Engine/Content/EngineMaterials/FlattenMaterial_WS_Normal_VT.uasset" 99
"../../../Engine/Content/EngineMaterials/FlattenMaterial_WS_Normal_VT.uexp" 100
"../../../Engine/Content/EngineMaterials/FlattenMaterial_VT.uasset" 101
"../../../Engine/Content/EngineMaterials/FlattenMaterial_VT.uexp" 102
"../../../Engine/Content/EngineMaterials/BaseFlattenNormalMap.uasset" 103
"../../../Engine/Content/EngineMaterials/BaseFlattenNormalMap.uexp" 104
"../../../Engine/Content/EngineMaterials/BaseFlattenGrayscaleMap.uasset" 105
"../../../Engine/Content/EngineMaterials/BaseFlattenGrayscaleMap.uexp" 106
"../../../Engine/Content/EngineMaterials/BaseFlattenDiffuseMap.uasset" 107
"../../../Engine/Content/EngineMaterials/BaseFlattenDiffuseMap.uexp" 108
"../../../Engine/Content/Functions/Engine_MaterialFunctions02/PivotPainter2/Black_1x1_EXR_Texture.uasset" 109
"../../../Engine/Content/Functions/Engine_MaterialFunctions02/PivotPainter2/Black_1x1_EXR_Texture.uexp" 110
"../../../Engine/Content/EngineMaterials/BaseFlattenEmissiveMap.uasset" 111
"../../../Engine/Content/EngineMaterials/BaseFlattenEmissiveMap.uexp" 112
"../../../Engine/Content/EngineMaterials/BaseFlattenLinearColor.uasset" 113
"../../../Engine/Content/EngineMaterials/BaseFlattenLinearColor.uexp" 114
"../../../Engine/Content/EngineMaterials/FlattenMaterial.uasset" 115
"../../../Engine/Content/EngineMaterials/FlattenMaterial.uexp" 116
"../../../Engine/Content/EngineMaterials/DefaultWhiteGrid_Low.uasset" 117
"../../../Engine/Content/EngineMaterials/DefaultWhiteGrid_Low.uexp" 118
"../../../Engine/Content/EngineMaterials/EmissiveMeshMaterial.uasset" 119
"../../../Engine/Content/EngineMaterials/EmissiveMeshMaterial.uexp" 120
"../../../Engine/Content/EngineMaterials/DefaultWhiteGrid.ubulk" 121
"../../../Engine/Content/EngineMaterials/DefaultWhiteGrid.uasset" 122
"../../../Engine/Content/EngineMaterials/DefaultWhiteGrid.uexp" 123
"../../../Engine/Content/EngineFonts/RobotoDistanceField.uasset" 124
"../../../Engine/Content/EngineFonts/RobotoDistanceField.uexp" 125
"../../../Engine/Content/EngineMaterials/DefaultTextMaterialOpaque.uasset" 126
"../../../Engine/Content/EngineMaterials/DefaultTextMaterialOpaque.uexp" 127
"../../../Engine/Content/EngineMaterials/DefaultDiffuse.ubulk" 128
"../../../Engine/Content/EngineMaterials/DefaultDiffuse.uasset" 129
"../../../Engine/Content/EngineMaterials/DefaultDiffuse.uexp" 130
"../../../Engine/Content/Functions/Engine_MaterialFunctions02/Utility/BreakOutFloat2Components.uasset" 131
"../../../Engine/Content/Functions/Engine_MaterialFunctions02/Utility/BreakOutFloat2Components.uexp" 132
"../../../Engine/Content/EngineMaterials/DefaultPostProcessMaterial.uasset" 133
"../../../Engine/Content/EngineMaterials/DefaultPostProcessMaterial.uexp" 134
"../../../Engine/Content/EngineMaterials/DefaultPhysicalMaterial.uasset" 135
"../../../Engine/Content/EngineMaterials/DefaultPhysicalMaterial.uexp" 136
"../../../Engine/Content/EngineMaterials/DefaultLightFunctionMaterial.uasset" 137
"../../../Engine/Content/EngineMaterials/DefaultLightFunctionMaterial.uexp" 138
"../../../Engine/Content/EngineMaterials/DefaultDestructiblePhysicalMaterial.uasset" 139
"../../../Engine/Content/EngineMaterials/DefaultDestructiblePhysicalMaterial.uexp" 140
"../../../Engine/Content/EngineMaterials/DefaultDeferredDecalMaterial.uasset" 141
"../../../Engine/Content/EngineMaterials/DefaultDeferredDecalMaterial.uexp" 142
"../../../Engine/Content/EngineMaterials/DefaultBokeh.uasset" 143
"../../../Engine/Content/EngineMaterials/DefaultBokeh.uexp" 144
"../../../Engine/Content/EngineMaterials/DefaultBloomKernel.uasset" 145
"../../../Engine/Content/EngineMaterials/DefaultBloomKernel.uexp" 146
"../../../Engine/Content/EngineMaterials/BlueNoise.uasset" 147
"../../../Engine/Content/EngineMaterials/BlueNoise.uexp" 148
"../../../Engine/Content/EngineFonts/Faces/RobotoLight.uexp" 149
"../../../Engine/Content/EngineFonts/Faces/RobotoLight.uasset" 150
"../../../Engine/Content/EngineFonts/Faces/RobotoLight.ufont" 151
"../../../Engine/Content/EngineFonts/Faces/RobotoBold.uexp" 152
"../../../Engine/Content/EngineFonts/Faces/RobotoBold.uasset" 153
"../../../Engine/Content/EngineFonts/Faces/RobotoBold.ufont" 154
"../../../Engine/Content/EngineFonts/Faces/RobotoRegular.uexp" 155
"../../../Engine/Content/EngineFonts/Faces/RobotoRegular.uasset" 156
"../../../Engine/Content/EngineFonts/Faces/RobotoRegular.ufont" 157
"../../../Engine/Content/EngineFonts/Faces/DroidSansFallback.uexp" 158
"../../../Engine/Content/EngineFonts/Faces/DroidSansFallback.uasset" 159
"../../../Engine/Content/EngineFonts/Faces/DroidSansFallback.ufont" 160
"../../../Engine/Content/EngineFonts/Faces/RobotoItalic.uexp" 161
"../../../Engine/Content/EngineFonts/Faces/RobotoItalic.uasset" 162
"../../../Engine/Content/EngineFonts/Faces/RobotoItalic.ufont" 163
"../../../Engine/Content/EngineFonts/Faces/RobotoBoldItalic.uexp" 164
"../../../Engine/Content/EngineFonts/Faces/RobotoBoldItalic.uasset" 165
"../../../Engine/Content/EngineFonts/Faces/RobotoBoldItalic.ufont" 166
"../../../Engine/Content/EngineFonts/Roboto.uasset" 167
"../../../Engine/Content/EngineFonts/Roboto.uexp" 168
"../../../Engine/Content/Functions/Engine_MaterialFunctions02/Utility/CameraDirectionVector.uasset" 169
"../../../Engine/Content/Functions/Engine_MaterialFunctions02/Utility/CameraDirectionVector.uexp" 170
"../../../Engine/Content/EngineDebugMaterials/VolumeToRender.uasset" 171
"../../../Engine/Content/EngineDebugMaterials/VolumeToRender.uexp" 172
"../../../Engine/Content/EngineDebugMaterials/M_VolumeRenderSphereTracePP.uasset" 173
"../../../Engine/Content/EngineDebugMaterials/M_VolumeRenderSphereTracePP.uexp" 174
"../../../Engine/Content/EngineDebugMaterials/M_SimpleUnlitTranslucent.uasset" 175
"../../../Engine/Content/EngineDebugMaterials/M_SimpleUnlitTranslucent.uexp" 176
"../../../Engine/Content/EngineDebugMaterials/DebugMeshMaterial.uasset" 177
"../../../Engine/Content/EngineDebugMaterials/DebugMeshMaterial.uexp" 178
"../../../Engine/Content/EngineDebugMaterials/DebugEditorMaterial.uasset" 179
"../../../Engine/Content/EngineDebugMaterials/DebugEditorMaterial.uexp" 180
"../../../Engine/Content/EngineDamageTypes/DmgTypeBP_Environmental.uasset" 181
"../../../Engine/Content/EngineDamageTypes/DmgTypeBP_Environmental.uexp" 182
"../../../Engine/Content/EditorResources/S_TriggerSphere.uasset" 183
"../../../Engine/Content/EditorResources/S_TriggerSphere.uexp" 184
"../../../Engine/Content/EditorResources/S_TriggerCapsule.uasset" 185
"../../../Engine/Content/EditorResources/S_TriggerCapsule.uexp" 186
"../../../Engine/Content/EditorResources/S_TriggerBox.uasset" 187
"../../../Engine/Content/EditorResources/S_TriggerBox.uexp" 188
"../../../Engine/Content/EditorResources/S_Trigger.ubulk" 189
"../../../Engine/Content/EditorResources/S_Trigger.uasset" 190
"../../../Engine/Content/EditorResources/S_Trigger.uexp" 191
"../../../Engine/Content/EditorResources/S_Terrain.ubulk" 192
"../../../Engine/Content/EditorResources/S_Terrain.uasset" 193
"../../../Engine/Content/EditorResources/S_Terrain.uexp" 194
"../../../Engine/Content/EditorResources/S_Solver.ubulk" 195
"../../../Engine/Content/EditorResources/S_Solver.uasset" 196
"../../../Engine/Content/EditorResources/S_Solver.uexp" 197
"../../../Engine/Content/EditorResources/S_BoxReflectionCapture.uasset" 198
"../../../Engine/Content/EditorResources/S_BoxReflectionCapture.uexp" 199
"../../../Engine/Content/EditorResources/S_Actor.ubulk" 200
"../../../Engine/Content/EditorResources/S_Actor.uasset" 201
"../../../Engine/Content/EditorResources/S_Actor.uexp" 202
"../../../Engine/Content/EditorResources/EmptyActor.uasset" 203
"../../../Engine/Content/EditorResources/EmptyActor.uexp" 204
"../../../Engine/Content/EditorResources/BSPVertex.uasset" 205
"../../../Engine/Content/EditorResources/BSPVertex.uexp" 206
"../../../Engine/Content/EditorResources/SequenceRecorder/RecordingIndicator.uasset" 207
"../../../Engine/Content/EditorResources/SequenceRecorder/RecordingIndicator.uexp" 208
"../../../Engine/Content/EditorResources/SequenceRecorder/Countdown.uasset" 209
"../../../Engine/Content/EditorResources/SequenceRecorder/Countdown.uexp" 210
"../../../Engine/Content/EditorMaterials/Camera/CineMat.uasset" 211
"../../../Engine/Content/EditorMaterials/Camera/CineMat.uexp" 212
"../../../Engine/Content/EditorMaterials/Camera/MI_CineMat_Rig.uasset" 213
"../../../Engine/Content/EditorMaterials/Camera/MI_CineMat_Rig.uexp" 214
"../../../Engine/Content/EditorMeshes/Camera/SM_RailRig_Track.ubulk" 215
"../../../Engine/Content/EditorMeshes/Camera/SM_RailRig_Track.uasset" 216
"../../../Engine/Content/EditorMeshes/Camera/SM_RailRig_Track.uexp" 217
"../../../Engine/Content/EditorMeshes/Camera/SM_RailRig_Mount.ubulk" 218
"../../../Engine/Content/EditorMeshes/Camera/SM_RailRig_Mount.uasset" 219
"../../../Engine/Content/EditorMeshes/Camera/SM_RailRig_Mount.uexp" 220
"../../../Engine/Content/EditorMeshes/Camera/SM_CraneRig_Mount.ubulk" 221
"../../../Engine/Content/EditorMeshes/Camera/SM_CraneRig_Mount.uasset" 222
"../../../Engine/Content/EditorMeshes/Camera/SM_CraneRig_Mount.uexp" 223
"../../../Engine/Content/EditorMeshes/Camera/SM_CraneRig_Body.ubulk" 224
"../../../Engine/Content/EditorMeshes/Camera/SM_CraneRig_Body.uasset" 225
"../../../Engine/Content/EditorMeshes/Camera/SM_CraneRig_Body.uexp" 226
"../../../Engine/Content/EditorMeshes/Camera/SM_CraneRig_Base.ubulk" 227
"../../../Engine/Content/EditorMeshes/Camera/SM_CraneRig_Base.uasset" 228
"../../../Engine/Content/EditorMeshes/Camera/SM_CraneRig_Base.uexp" 229
"../../../Engine/Content/EditorMeshes/Camera/SM_CraneRig_Arm.ubulk" 230
"../../../Engine/Content/EditorMeshes/Camera/SM_CraneRig_Arm.uasset" 231
"../../../Engine/Content/EditorMeshes/Camera/SM_CraneRig_Arm.uexp" 232
"../../../Engine/Content/EditorMaterials/PreviewShadowIndicator.ubulk" 233
"../../../Engine/Content/EditorMaterials/PreviewShadowIndicator.uasset" 234
"../../../Engine/Content/EditorMaterials/PreviewShadowIndicator.uexp" 235
"../../../Engine/Content/EditorMaterials/PreviewShadowIndicatorMaterial.uasset" 236
"../../../Engine/Content/EditorMaterials/PreviewShadowIndicatorMaterial.uexp" 237
"../../../Engine/Content/EditorMaterials/MAT_Groups_Visibility.uasset" 238
"../../../Engine/Content/EditorMaterials/MAT_Groups_Visibility.uexp" 239
"../../../Engine/Content/EditorMaterials/MAT_Groups_Toggle.uasset" 240
"../../../Engine/Content/EditorMaterials/MAT_Groups_Toggle.uexp" 241
"../../../Engine/Content/Functions/Engine_MaterialFunctions02/Utility/MakeFloat4.uasset" 242
"../../../Engine/Content/Functions/Engine_MaterialFunctions02/Utility/MakeFloat4.uexp" 243
"../../../Engine/Content/Functions/Engine_MaterialFunctions02/Utility/MakeFloat3.uasset" 244
"../../../Engine/Content/Functions/Engine_MaterialFunctions02/Utility/MakeFloat3.uexp" 245
"../../../Engine/Content/Functions/Engine_MaterialFunctions02/Utility/BreakOutFloat3Components.uasset" 246
"../../../Engine/Content/Functions/Engine_MaterialFunctions02/Utility/BreakOutFloat3Components.uexp" 247
"../../../Engine/Content/EditorMaterials/WorldPartition/WorldPartitionSpatialHashGridPreviewMaterial.uasset" 248
"../../../Engine/Content/EditorMaterials/WorldPartition/WorldPartitionSpatialHashGridPreviewMaterial.uexp" 249
"../../../Engine/Content/EditorMaterials/ParticleSystems/PSysThumbnail_OOD.ubulk" 250
"../../../Engine/Content/EditorMaterials/ParticleSystems/PSysThumbnail_OOD.uasset" 251
"../../../Engine/Content/EditorMaterials/ParticleSystems/PSysThumbnail_OOD.uexp" 252
"../../../Engine/Content/EditorMaterials/ParticleSystems/PSysThumbnail_NoImage.ubulk" 253
"../../../Engine/Content/EditorMaterials/ParticleSystems/PSysThumbnail_NoImage.uasset" 254
"../../../Engine/Content/EditorMaterials/ParticleSystems/PSysThumbnail_NoImage.uexp" 255
"../../../Engine/Content/EditorMaterials/MatineeGroups/MAT_Groups_Vector.uasset" 256
"../../../Engine/Content/EditorMaterials/MatineeGroups/MAT_Groups_Vector.uexp" 257
"../../../Engine/Content/EditorMaterials/MatineeGroups/MAT_Groups_Sound.uasset" 258
"../../../Engine/Content/EditorMaterials/MatineeGroups/MAT_Groups_Sound.uexp" 259
"../../../Engine/Content/EditorMaterials/MatineeGroups/MAT_Groups_Slomo.uasset" 260
"../../../Engine/Content/EditorMaterials/MatineeGroups/MAT_Groups_Slomo.uexp" 261
"../../../Engine/Content/EditorMaterials/MatineeGroups/MAT_Groups_Move.uasset" 262
"../../../Engine/Content/EditorMaterials/MatineeGroups/MAT_Groups_Move.uexp" 263
"../../../Engine/Content/EditorMaterials/MatineeGroups/MAT_Groups_Float.uasset" 264
"../../../Engine/Content/EditorMaterials/MatineeGroups/MAT_Groups_Float.uexp" 265
"../../../Engine/Content/EditorMaterials/MatineeGroups/MAT_Groups_Fade.uasset" 266
"../../../Engine/Content/EditorMaterials/MatineeGroups/MAT_Groups_Fade.uexp" 267
"../../../Engine/Content/EditorMaterials/MatineeGroups/MAT_Groups_Event.uasset" 268
"../../../Engine/Content/EditorMaterials/MatineeGroups/MAT_Groups_Event.uexp" 269
"../../../Engine/Content/EditorMaterials/MatineeGroups/MAT_Groups_Director.uasset" 270
"../../../Engine/Content/EditorMaterials/MatineeGroups/MAT_Groups_Director.uexp" 271
"../../../Engine/Content/EditorMaterials/MatineeGroups/MAT_Groups_AudioMaster.uasset" 272
"../../../Engine/Content/EditorMaterials/MatineeGroups/MAT_Groups_AudioMaster.uexp" 273
"../../../Engine/Content/EditorMaterials/MatineeGroups/MAT_Groups_Anim.uasset" 274
"../../../Engine/Content/EditorMaterials/MatineeGroups/MAT_Groups_Anim.uexp" 275
"../../../Engine/Content/EditorMaterials/MatineeGroups/MAT_ColorTrack.uasset" 276
"../../../Engine/Content/EditorMaterials/MatineeGroups/MAT_ColorTrack.uexp" 277
"../../../Engine/Content/EditorLandscapeResources/DefaultAlphaTexture.uasset" 278
"../../../Engine/Content/EditorLandscapeResources/DefaultAlphaTexture.uexp" 279
"../../../Engine/Content/EditorLandscapeResources/DataLayer.uasset" 280
"../../../Engine/Content/EditorLandscapeResources/DataLayer.uexp" 281
"../../../Engine/Content/EngineMaterials/T_Default_Material_Grid_M.ubulk" 282
"../../../Engine/Content/EngineMaterials/T_Default_Material_Grid_M.uasset" 283
"../../../Engine/Content/EngineMaterials/T_Default_Material_Grid_M.uexp" 284
"../../../Engine/Content/EngineMaterials/T_Default_Material_Grid_N.ubulk" 285
"../../../Engine/Content/EngineMaterials/T_Default_Material_Grid_N.uasset" 286
"../../../Engine/Content/EngineMaterials/T_Default_Material_Grid_N.uexp" 287
"../../../Engine/Content/Functions/Engine_MaterialFunctions01/Opacity/CameraDepthFade.uasset" 288
"../../../Engine/Content/Functions/Engine_MaterialFunctions01/Opacity/CameraDepthFade.uexp" 289
"../../../Engine/Content/EngineMaterials/WorldGridMaterial.uasset" 290
"../../../Engine/Content/EngineMaterials/WorldGridMaterial.uexp" 291
"../../../Engine/Content/BasicShapes/Plane.ubulk" 292
"../../../Engine/Content/BasicShapes/Plane.uasset" 293
"../../../Engine/Content/BasicShapes/Plane.uexp" 294
"../../../Engine/Content/EngineMaterials/DefaultMaterial.uasset" 295
"../../../Engine/Content/EngineMaterials/DefaultMaterial.uexp" 296
"../../../Engine/Content/BasicShapes/Cylinder.ubulk" 297
"../../../Engine/Content/BasicShapes/Cylinder.uasset" 298
"../../../Engine/Content/BasicShapes/Cylinder.uexp" 299
"../../../Engine/Content/BasicShapes/Cone.ubulk" 300
"../../../Engine/Content/BasicShapes/Cone.uasset" 301
"../../../Engine/Content/BasicShapes/Cone.uexp" 302
"../../../Engine/Content/ArtTools/RenderToTexture/Meshes/S_1_Unit_Plane.ubulk" 303
"../../../Engine/Content/ArtTools/RenderToTexture/Meshes/S_1_Unit_Plane.uasset" 304
"../../../Engine/Content/ArtTools/RenderToTexture/Meshes/S_1_Unit_Plane.uexp" 305
"../../../Engine/Content/MobileResources/HUD/VirtualJoystick_Background.uasset" 306
"../../../Engine/Content/MobileResources/HUD/VirtualJoystick_Background.uexp" 307
"../../../Engine/Content/MobileResources/HUD/VirtualJoystick_Thumb.uasset" 308
"../../../Engine/Content/MobileResources/HUD/VirtualJoystick_Thumb.uexp" 309
"../../../Engine/Content/MobileResources/HUD/DefaultVirtualJoysticks.uasset" 310
"../../../Engine/Content/MobileResources/HUD/DefaultVirtualJoysticks.uexp" 311
"../../../Engine/Content/Tutorial/ContentIntroCurve.uasset" 312
"../../../Engine/Content/Tutorial/ContentIntroCurve.uexp" 313
"../../../Engine/Content/VREditor/TransformGizmo/Main.uasset" 314
"../../../Engine/Content/VREditor/TransformGizmo/Main.uexp" 315
"../../../Engine/Content/VREditor/TransformGizmo/Xray.uasset" 316
"../../../Engine/Content/VREditor/TransformGizmo/Xray.uexp" 317
"../../../Engine/Content/VREditor/TransformGizmo/SM_Sequencer_Node.ubulk" 318
"../../../Engine/Content/VREditor/TransformGizmo/SM_Sequencer_Node.uasset" 319
"../../../Engine/Content/VREditor/TransformGizmo/SM_Sequencer_Node.uexp" 320
"../../../Engine/Content/VREditor/LaserPointer/VR_LaserPower_01.ubulk" 321
"../../../Engine/Content/VREditor/LaserPointer/VR_LaserPower_01.uasset" 322
"../../../Engine/Content/VREditor/LaserPointer/VR_LaserPower_01.uexp" 323
"../../../Engine/Content/VREditor/TransformGizmo/TransformGizmoMaterial.uasset" 324
"../../../Engine/Content/VREditor/TransformGizmo/TransformGizmoMaterial.uexp" 325
"../../../Engine/Content/VREditor/TransformGizmo/TranslucentTransformGizmoMaterial.uasset" 326
"../../../Engine/Content/VREditor/TransformGizmo/TranslucentTransformGizmoMaterial.uexp" 327
"../../../Engine/Content/VREditor/TransformGizmo/PlaneTranslationHandle.ubulk" 328
"../../../Engine/Content/VREditor/TransformGizmo/PlaneTranslationHandle.uasset" 329
"../../../Engine/Content/VREditor/TransformGizmo/PlaneTranslationHandle.uexp" 330
"../../../Engine/Content/VREditor/TransformGizmo/BoundingBoxEdge.ubulk" 331
"../../../Engine/Content/VREditor/TransformGizmo/BoundingBoxEdge.uasset" 332
"../../../Engine/Content/VREditor/TransformGizmo/BoundingBoxEdge.uexp" 333
"../../../Engine/Content/VREditor/TransformGizmo/BoundingBoxCorner.ubulk" 334
"../../../Engine/Content/VREditor/TransformGizmo/BoundingBoxCorner.uasset" 335
"../../../Engine/Content/VREditor/TransformGizmo/BoundingBoxCorner.uexp" 336
"../../../Engine/Plugins/2D/Paper2D/Content/PlaceholderTextures/DummySpriteTexture.ubulk" 337
"../../../Engine/Plugins/2D/Paper2D/Content/PlaceholderTextures/DummySpriteTexture.uasset" 338
"../../../Engine/Plugins/2D/Paper2D/Content/PlaceholderTextures/DummySpriteTexture.uexp" 339
"../../../Engine/Plugins/2D/Paper2D/Content/DefaultSpriteMaterial.uasset" 340
"../../../Engine/Plugins/2D/Paper2D/Content/DefaultSpriteMaterial.uexp" 341
"../../../Engine/Plugins/2D/Paper2D/Content/OpaqueUnlitSpriteMaterial.uasset" 342
"../../../Engine/Plugins/2D/Paper2D/Content/OpaqueUnlitSpriteMaterial.uexp" 343
"../../../Engine/Plugins/2D/Paper2D/Content/MaskedUnlitSpriteMaterial.uasset" 344
"../../../Engine/Plugins/2D/Paper2D/Content/MaskedUnlitSpriteMaterial.uexp" 345
"../../../Engine/Plugins/2D/Paper2D/Content/DummySprite.uasset" 346
"../../../Engine/Plugins/2D/Paper2D/Content/DummySprite.uexp" 347
"../../../Engine/Plugins/2D/Paper2D/Content/DefaultPaperTerrainMaterial.uasset" 348
"../../../Engine/Plugins/2D/Paper2D/Content/DefaultPaperTerrainMaterial.uexp" 349
"../../../Engine/Plugins/Animation/ControlRig/Content/M_Manip.uasset" 350
"../../../Engine/Plugins/Animation/ControlRig/Content/M_Manip.uexp" 351
"../../../Engine/Plugins/Animation/ControlRig/Content/Controls/DefaultGizmoLibraryNormalized.uasset" 352
"../../../Engine/Plugins/Animation/ControlRig/Content/Controls/DefaultGizmoLibraryNormalized.uexp" 353
"../../../Engine/Plugins/Animation/ControlRig/Content/Controls/ControlRig_Wedge_solid.ubulk" 354
"../../../Engine/Plugins/Animation/ControlRig/Content/Controls/ControlRig_Wedge_solid.uasset" 355
"../../../Engine/Plugins/Animation/ControlRig/Content/Controls/ControlRig_Wedge_solid.uexp" 356
"../../../Engine/Plugins/Animation/ControlRig/Content/Controls/ControlRig_Wedge_3mm.ubulk" 357
"../../../Engine/Plugins/Animation/ControlRig/Content/Controls/ControlRig_Wedge_3mm.uasset" 358
"../../../Engine/Plugins/Animation/ControlRig/Content/Controls/ControlRig_Wedge_3mm.uexp" 359
"../../../Engine/Plugins/Animation/ControlRig/Content/Controls/ControlRig_Wedge_1mm.ubulk" 360
"../../../Engine/Plugins/Animation/ControlRig/Content/Controls/ControlRig_Wedge_1mm.uasset" 361
"../../../Engine/Plugins/Animation/ControlRig/Content/Controls/ControlRig_Wedge_1mm.uexp" 362
"../../../Engine/Plugins/Animation/ControlRig/Content/Controls/ControlRig_Triangle_solid.ubulk" 363
"../../../Engine/Plugins/Animation/ControlRig/Content/Controls/ControlRig_Triangle_solid.uasset" 364
"../../../Engine/Plugins/Animation/ControlRig/Content/Controls/ControlRig_Triangle_solid.uexp" 365
"../../../Engine/Plugins/Animation/ControlRig/Content/Controls/ControlRig_Triangle_3mm.ubulk" 366
"../../../Engine/Plugins/Animation/ControlRig/Content/Controls/ControlRig_Triangle_3mm.uasset" 367
"../../../Engine/Plugins/Animation/ControlRig/Content/Controls/ControlRig_Triangle_3mm.uexp" 368
"../../../Engine/Plugins/Animation/ControlRig/Content/Controls/ControlRig_Triangle_1mm.ubulk" 369
"../../../Engine/Plugins/Animation/ControlRig/Content/Controls/ControlRig_Triangle_1mm.uasset" 370
"../../../Engine/Plugins/Animation/ControlRig/Content/Controls/ControlRig_Triangle_1mm.uexp" 371
"../../../Engine/Plugins/Animation/ControlRig/Content/Controls/ControlRig_Star4_solid.ubulk" 372
"../../../Engine/Plugins/Animation/ControlRig/Content/Controls/ControlRig_Star4_solid.uasset" 373
"../../../Engine/Plugins/Animation/ControlRig/Content/Controls/ControlRig_Star4_solid.uexp" 374
"../../../Engine/Plugins/Animation/ControlRig/Content/Controls/ControlRig_Star4_3mm.ubulk" 375
"../../../Engine/Plugins/Animation/ControlRig/Content/Controls/ControlRig_Star4_3mm.uasset" 376
"../../../Engine/Plugins/Animation/ControlRig/Content/Controls/ControlRig_Star4_3mm.uexp" 377
"../../../Engine/Plugins/Animation/ControlRig/Content/Controls/ControlRig_Star4_1mm.ubulk" 378
"../../../Engine/Plugins/Animation/ControlRig/Content/Controls/ControlRig_Star4_1mm.uasset" 379
"../../../Engine/Plugins/Animation/ControlRig/Content/Controls/ControlRig_Star4_1mm.uexp" 380
"../../../Engine/Plugins/Animation/ControlRig/Content/Controls/ControlRig_Square_solid.ubulk" 381
"../../../Engine/Plugins/Animation/ControlRig/Content/Controls/ControlRig_Square_solid.uasset" 382
"../../../Engine/Plugins/Animation/ControlRig/Content/Controls/ControlRig_Square_solid.uexp" 383
"../../../Engine/Plugins/Animation/ControlRig/Content/Controls/ControlRig_Square_3mm.ubulk" 384
"../../../Engine/Plugins/Animation/ControlRig/Content/Controls/ControlRig_Square_3mm.uasset" 385
"../../../Engine/Plugins/Animation/ControlRig/Content/Controls/ControlRig_Square_3mm.uexp" 386
"../../../Engine/Plugins/Animation/ControlRig/Content/Controls/ControlRig_Square_1mm.ubulk" 387
"../../../Engine/Plugins/Animation/ControlRig/Content/Controls/ControlRig_Square_1mm.uasset" 388
"../../../Engine/Plugins/Animation/ControlRig/Content/Controls/ControlRig_Square_1mm.uexp" 389
"../../../Engine/Plugins/Animation/ControlRig/Content/Controls/ControlRig_Sphere_solid.ubulk" 390
"../../../Engine/Plugins/Animation/ControlRig/Content/Controls/ControlRig_Sphere_solid.uasset" 391
"../../../Engine/Plugins/Animation/ControlRig/Content/Controls/ControlRig_Sphere_solid.uexp" 392
"../../../Engine/Plugins/Animation/ControlRig/Content/Controls/ControlRig_Sphere_3mm.ubulk" 393
"../../../Engine/Plugins/Animation/ControlRig/Content/Controls/ControlRig_Sphere_3mm.uasset" 394
"../../../Engine/Plugins/Animation/ControlRig/Content/Controls/ControlRig_Sphere_3mm.uexp" 395
"../../../Engine/Plugins/Animation/ControlRig/Content/Controls/ControlRig_Sphere_1mm.ubulk" 396
"../../../Engine/Plugins/Animation/ControlRig/Content/Controls/ControlRig_Sphere_1mm.uasset" 397
"../../../Engine/Plugins/Animation/ControlRig/Content/Controls/ControlRig_Sphere_1mm.uexp" 398
"../../../Engine/Plugins/Animation/ControlRig/Content/Controls/ControlRig_RoundedTriangle_solid.ubulk" 399
"../../../Engine/Plugins/Animation/ControlRig/Content/Controls/ControlRig_RoundedTriangle_solid.uasset" 400
"../../../Engine/Plugins/Animation/ControlRig/Content/Controls/ControlRig_RoundedTriangle_solid.uexp" 401
"../../../Engine/Plugins/Animation/ControlRig/Content/Controls/ControlRig_RoundedTriangle_3mm.ubulk" 402
"../../../Engine/Plugins/Animation/ControlRig/Content/Controls/ControlRig_RoundedTriangle_3mm.uasset" 403
"../../../Engine/Plugins/Animation/ControlRig/Content/Controls/ControlRig_RoundedTriangle_3mm.uexp" 404
"../../../Engine/Plugins/Animation/ControlRig/Content/Controls/ControlRig_RoundedTriangle_1mm.ubulk" 405
"../../../Engine/Plugins/Animation/ControlRig/Content/Controls/ControlRig_RoundedTriangle_1mm.uasset" 406
"../../../Engine/Plugins/Animation/ControlRig/Content/Controls/ControlRig_RoundedTriangle_1mm.uexp" 407
"../../../Engine/Plugins/Animation/ControlRig/Content/Controls/ControlRig_RoundedSquare_solid.ubulk" 408
"../../../Engine/Plugins/Animation/ControlRig/Content/Controls/ControlRig_RoundedSquare_solid.uasset" 409
"../../../Engine/Plugins/Animation/ControlRig/Content/Controls/ControlRig_RoundedSquare_solid.uexp" 410
"../../../Engine/Plugins/Animation/ControlRig/Content/Controls/ControlRig_RoundedSquare_3mm.ubulk" 411
"../../../Engine/Plugins/Animation/ControlRig/Content/Controls/ControlRig_RoundedSquare_3mm.uasset" 412
"../../../Engine/Plugins/Animation/ControlRig/Content/Controls/ControlRig_RoundedSquare_3mm.uexp" 413
"../../../Engine/Plugins/Animation/ControlRig/Content/Controls/ControlRig_RoundedSquare_1mm.ubulk" 414
"../../../Engine/Plugins/Animation/ControlRig/Content/Controls/ControlRig_RoundedSquare_1mm.uasset" 415
"../../../Engine/Plugins/Animation/ControlRig/Content/Controls/ControlRig_RoundedSquare_1mm.uexp" 416
"../../../Engine/Plugins/Animation/ControlRig/Content/Controls/ControlRig_QuarterCircle_solid.ubulk" 417
"../../../Engine/Plugins/Animation/ControlRig/Content/Controls/ControlRig_QuarterCircle_solid.uasset" 418
"../../../Engine/Plugins/Animation/ControlRig/Content/Controls/ControlRig_QuarterCircle_solid.uexp" 419
"../../../Engine/Plugins/Animation/ControlRig/Content/Controls/ControlRig_QuarterCircle_3mm.ubulk" 420
"../../../Engine/Plugins/Animation/ControlRig/Content/Controls/ControlRig_QuarterCircle_3mm.uasset" 421
"../../../Engine/Plugins/Animation/ControlRig/Content/Controls/ControlRig_QuarterCircle_3mm.uexp" 422
"../../../Engine/Plugins/Animation/ControlRig/Content/Controls/ControlRig_QuarterCircle_1mm.ubulk" 423
"../../../Engine/Plugins/Animation/ControlRig/Content/Controls/ControlRig_QuarterCircle_1mm.uasset" 424
"../../../Engine/Plugins/Animation/ControlRig/Content/Controls/ControlRig_QuarterCircle_1mm.uexp" 425
"../../../Engine/Plugins/Animation/ControlRig/Content/Controls/ControlRig_Pyramid_solid.ubulk" 426
"../../../Engine/Plugins/Animation/ControlRig/Content/Controls/ControlRig_Pyramid_solid.uasset" 427
"../../../Engine/Plugins/Animation/ControlRig/Content/Controls/ControlRig_Pyramid_solid.uexp" 428
"../../../Engine/Plugins/Animation/ControlRig/Content/Controls/ControlRig_Pyramid_3mm.ubulk" 429
"../../../Engine/Plugins/Animation/ControlRig/Content/Controls/ControlRig_Pyramid_3mm.uasset" 430
"../../../Engine/Plugins/Animation/ControlRig/Content/Controls/ControlRig_Pyramid_3mm.uexp" 431
"../../../Engine/Plugins/Animation/ControlRig/Content/Controls/ControlRig_Pyramid_1mm.ubulk" 432
"../../../Engine/Plugins/Animation/ControlRig/Content/Controls/ControlRig_Pyramid_1mm.uasset" 433
"../../../Engine/Plugins/Animation/ControlRig/Content/Controls/ControlRig_Pyramid_1mm.uexp" 434
"../../../Engine/Plugins/Animation/ControlRig/Content/Controls/ControlRig_Octagon_solid.ubulk" 435
"../../../Engine/Plugins/Animation/ControlRig/Content/Controls/ControlRig_Octagon_solid.uasset" 436
"../../../Engine/Plugins/Animation/ControlRig/Content/Controls/ControlRig_Octagon_solid.uexp" 437
"../../../Engine/Plugins/Animation/ControlRig/Content/Controls/ControlRig_Octagon_3mm.ubulk" 438
"../../../Engine/Plugins/Animation/ControlRig/Content/Controls/ControlRig_Octagon_3mm.uasset" 439
"../../../Engine/Plugins/Animation/ControlRig/Content/Controls/ControlRig_Octagon_3mm.uexp" 440
"../../../Engine/Plugins/Animation/ControlRig/Content/Controls/ControlRig_Octagon_1mm.ubulk" 441
"../../../Engine/Plugins/Animation/ControlRig/Content/Controls/ControlRig_Octagon_1mm.uasset" 442
"../../../Engine/Plugins/Animation/ControlRig/Content/Controls/ControlRig_Octagon_1mm.uexp" 443
"../../../Engine/Plugins/Animation/ControlRig/Content/Controls/ControlRig_Hexagon_solid.ubulk" 444
"../../../Engine/Plugins/Animation/ControlRig/Content/Controls/ControlRig_Hexagon_solid.uasset" 445
"../../../Engine/Plugins/Animation/ControlRig/Content/Controls/ControlRig_Hexagon_solid.uexp" 446
"../../../Engine/Plugins/Animation/ControlRig/Content/Controls/ControlRig_Hexagon_3mm.ubulk" 447
"../../../Engine/Plugins/Animation/ControlRig/Content/Controls/ControlRig_Hexagon_3mm.uasset" 448
"../../../Engine/Plugins/Animation/ControlRig/Content/Controls/ControlRig_Hexagon_3mm.uexp" 449
"../../../Engine/Plugins/Animation/ControlRig/Content/Controls/ControlRig_Hexagon_1mm.ubulk" 450
"../../../Engine/Plugins/Animation/ControlRig/Content/Controls/ControlRig_Hexagon_1mm.uasset" 451
"../../../Engine/Plugins/Animation/ControlRig/Content/Controls/ControlRig_Hexagon_1mm.uexp" 452
"../../../Engine/Plugins/Animation/ControlRig/Content/Controls/ControlRig_HalfCircle_solid.ubulk" 453
"../../../Engine/Plugins/Animation/ControlRig/Content/Controls/ControlRig_HalfCircle_solid.uasset" 454
"../../../Engine/Plugins/Animation/ControlRig/Content/Controls/ControlRig_HalfCircle_solid.uexp" 455
"../../../Engine/Plugins/Animation/ControlRig/Content/Controls/ControlRig_HalfCircle_3mm.ubulk" 456
"../../../Engine/Plugins/Animation/ControlRig/Content/Controls/ControlRig_HalfCircle_3mm.uasset" 457
"../../../Engine/Plugins/Animation/ControlRig/Content/Controls/ControlRig_HalfCircle_3mm.uexp" 458
"../../../Engine/Plugins/Animation/ControlRig/Content/Controls/ControlRig_HalfCircle_1mm.ubulk" 459
"../../../Engine/Plugins/Animation/ControlRig/Content/Controls/ControlRig_HalfCircle_1mm.uasset" 460
"../../../Engine/Plugins/Animation/ControlRig/Content/Controls/ControlRig_HalfCircle_1mm.uexp" 461
"../../../Engine/Plugins/Animation/ControlRig/Content/Controls/ControlRig_Diamond_solid.ubulk" 462
"../../../Engine/Plugins/Animation/ControlRig/Content/Controls/ControlRig_Diamond_solid.uasset" 463
"../../../Engine/Plugins/Animation/ControlRig/Content/Controls/ControlRig_Diamond_solid.uexp" 464
"../../../Engine/Plugins/Animation/ControlRig/Content/Controls/ControlRig_Diamond_3mm.ubulk" 465
"../../../Engine/Plugins/Animation/ControlRig/Content/Controls/ControlRig_Diamond_3mm.uasset" 466
"../../../Engine/Plugins/Animation/ControlRig/Content/Controls/ControlRig_Diamond_3mm.uexp" 467
"../../../Engine/Plugins/Animation/ControlRig/Content/Controls/ControlRig_Diamond_1mm.ubulk" 468
"../../../Engine/Plugins/Animation/ControlRig/Content/Controls/ControlRig_Diamond_1mm.uasset" 469
"../../../Engine/Plugins/Animation/ControlRig/Content/Controls/ControlRig_Diamond_1mm.uexp" 470
"../../../Engine/Plugins/Animation/ControlRig/Content/Controls/ControlRig_Circle_solid.ubulk" 471
"../../../Engine/Plugins/Animation/ControlRig/Content/Controls/ControlRig_Circle_solid.uasset" 472
"../../../Engine/Plugins/Animation/ControlRig/Content/Controls/ControlRig_Circle_solid.uexp" 473
"../../../Engine/Plugins/Animation/ControlRig/Content/Controls/ControlRig_Circle_3mm.ubulk" 474
"../../../Engine/Plugins/Animation/ControlRig/Content/Controls/ControlRig_Circle_3mm.uasset" 475
"../../../Engine/Plugins/Animation/ControlRig/Content/Controls/ControlRig_Circle_3mm.uexp" 476
"../../../Engine/Plugins/Animation/ControlRig/Content/Controls/ControlRig_Circle_1mm.ubulk" 477
"../../../Engine/Plugins/Animation/ControlRig/Content/Controls/ControlRig_Circle_1mm.uasset" 478
"../../../Engine/Plugins/Animation/ControlRig/Content/Controls/ControlRig_Circle_1mm.uexp" 479
"../../../Engine/Plugins/Animation/ControlRig/Content/Controls/ControlRig_Box_solid.ubulk" 480
"../../../Engine/Plugins/Animation/ControlRig/Content/Controls/ControlRig_Box_solid.uasset" 481
"../../../Engine/Plugins/Animation/ControlRig/Content/Controls/ControlRig_Box_solid.uexp" 482
"../../../Engine/Plugins/Animation/ControlRig/Content/Controls/ControlRig_Box_3mm.ubulk" 483
"../../../Engine/Plugins/Animation/ControlRig/Content/Controls/ControlRig_Box_3mm.uasset" 484
"../../../Engine/Plugins/Animation/ControlRig/Content/Controls/ControlRig_Box_3mm.uexp" 485
"../../../Engine/Plugins/Animation/ControlRig/Content/Controls/ControlRig_Box_1mm.ubulk" 486
"../../../Engine/Plugins/Animation/ControlRig/Content/Controls/ControlRig_Box_1mm.uasset" 487
"../../../Engine/Plugins/Animation/ControlRig/Content/Controls/ControlRig_Box_1mm.uexp" 488
"../../../Engine/Plugins/Animation/ControlRig/Content/Controls/ControlRig_Arrow_solid.ubulk" 489
"../../../Engine/Plugins/Animation/ControlRig/Content/Controls/ControlRig_Arrow_solid.uasset" 490
"../../../Engine/Plugins/Animation/ControlRig/Content/Controls/ControlRig_Arrow_solid.uexp" 491
"../../../Engine/Plugins/Animation/ControlRig/Content/Controls/ControlRig_Arrow_3mm.ubulk" 492
"../../../Engine/Plugins/Animation/ControlRig/Content/Controls/ControlRig_Arrow_3mm.uasset" 493
"../../../Engine/Plugins/Animation/ControlRig/Content/Controls/ControlRig_Arrow_3mm.uexp" 494
"../../../Engine/Plugins/Animation/ControlRig/Content/Controls/ControlRig_Arrow_1mm.ubulk" 495
"../../../Engine/Plugins/Animation/ControlRig/Content/Controls/ControlRig_Arrow_1mm.uasset" 496
"../../../Engine/Plugins/Animation/ControlRig/Content/Controls/ControlRig_Arrow_1mm.uexp" 497
"../../../Engine/Plugins/Animation/ControlRig/Content/Controls/ControlRig_Arrow4_solid.ubulk" 498
"../../../Engine/Plugins/Animation/ControlRig/Content/Controls/ControlRig_Arrow4_solid.uasset" 499
"../../../Engine/Plugins/Animation/ControlRig/Content/Controls/ControlRig_Arrow4_solid.uexp" 500
"../../../Engine/Plugins/Animation/ControlRig/Content/Controls/ControlRig_Arrow4_3mm.ubulk" 501
"../../../Engine/Plugins/Animation/ControlRig/Content/Controls/ControlRig_Arrow4_3mm.uasset" 502
"../../../Engine/Plugins/Animation/ControlRig/Content/Controls/ControlRig_Arrow4_3mm.uexp" 503
"../../../Engine/Plugins/Animation/ControlRig/Content/Controls/ControlRig_Arrow4_1mm.ubulk" 504
"../../../Engine/Plugins/Animation/ControlRig/Content/Controls/ControlRig_Arrow4_1mm.uasset" 505
"../../../Engine/Plugins/Animation/ControlRig/Content/Controls/ControlRig_Arrow4_1mm.uexp" 506
"../../../Engine/Plugins/Animation/ControlRig/Content/Controls/ControlRig_Arrow2_solid.ubulk" 507
"../../../Engine/Plugins/Animation/ControlRig/Content/Controls/ControlRig_Arrow2_solid.uasset" 508
"../../../Engine/Plugins/Animation/ControlRig/Content/Controls/ControlRig_Arrow2_solid.uexp" 509
"../../../Engine/Plugins/Animation/ControlRig/Content/Controls/ControlRig_Arrow2_3mm.ubulk" 510
"../../../Engine/Plugins/Animation/ControlRig/Content/Controls/ControlRig_Arrow2_3mm.uasset" 511
"../../../Engine/Plugins/Animation/ControlRig/Content/Controls/ControlRig_Arrow2_3mm.uexp" 512
"../../../Engine/Plugins/Animation/ControlRig/Content/Controls/ControlRig_Arrow2_1mm.ubulk" 513
"../../../Engine/Plugins/Animation/ControlRig/Content/Controls/ControlRig_Arrow2_1mm.uasset" 514
"../../../Engine/Plugins/Animation/ControlRig/Content/Controls/ControlRig_Arrow2_1mm.uexp" 515
"../../../Engine/Plugins/Animation/ControlRig/Content/Controls/ControlRigGizmoMaterial.uasset" 516
"../../../Engine/Plugins/Animation/ControlRig/Content/Controls/ControlRigGizmoMaterial.uexp" 517
"../../../Engine/Plugins/Editor/SpeedTreeImporter/Content/SpeedTree9/game_wind_noise.ubulk" 518
"../../../Engine/Plugins/Editor/SpeedTreeImporter/Content/SpeedTree9/game_wind_noise.uasset" 519
"../../../Engine/Plugins/Editor/SpeedTreeImporter/Content/SpeedTree9/game_wind_noise.uexp" 520
"../../../Engine/Plugins/Editor/SpeedTreeImporter/Content/SpeedTree9/UnpackDirection.uasset" 521
"../../../Engine/Plugins/Editor/SpeedTreeImporter/Content/SpeedTree9/UnpackDirection.uexp" 522
"../../../Engine/Content/Functions/Engine_MaterialFunctions02/ObjectLocalBounds.uasset" 523
"../../../Engine/Content/Functions/Engine_MaterialFunctions02/ObjectLocalBounds.uexp" 524
"../../../Engine/Content/Functions/Engine_MaterialFunctions02/UVs/BoundingBoxBased_0-1_UVW.uasset" 525
"../../../Engine/Content/Functions/Engine_MaterialFunctions02/UVs/BoundingBoxBased_0-1_UVW.uexp" 526
"../../../Engine/Content/Functions/Engine_MaterialFunctions02/Utility/VectorLength.uasset" 527
"../../../Engine/Content/Functions/Engine_MaterialFunctions02/Utility/VectorLength.uexp" 528
"../../../Engine/Plugins/Editor/SpeedTreeImporter/Content/SpeedTree9/UnpackInteger3.uasset" 529
"../../../Engine/Plugins/Editor/SpeedTreeImporter/Content/SpeedTree9/UnpackInteger3.uexp" 530
"../../../Engine/Plugins/Editor/SpeedTreeImporter/Content/SpeedTree9/SpeedTreeCameraFacing.uasset" 531
"../../../Engine/Plugins/Editor/SpeedTreeImporter/Content/SpeedTree9/SpeedTreeCameraFacing.uexp" 532
"../../../Engine/Content/Functions/Engine_MaterialFunctions02/WorldPositionOffset/ObjectScale.uasset" 533
"../../../Engine/Content/Functions/Engine_MaterialFunctions02/WorldPositionOffset/ObjectScale.uexp" 534
"../../../Engine/Content/Functions/Engine_MaterialFunctions02/SafeNormalize.uasset" 535
"../../../Engine/Content/Functions/Engine_MaterialFunctions02/SafeNormalize.uexp" 536
"../../../Engine/Plugins/Editor/SpeedTreeImporter/Content/SpeedTree9/SpeedTreeWindMotion.uasset" 537
"../../../Engine/Plugins/Editor/SpeedTreeImporter/Content/SpeedTree9/SpeedTreeWindMotion.uexp" 538
"../../../Engine/Plugins/Editor/SpeedTreeImporter/Content/SpeedTree9/SpeedTreeBranchMotion.uasset" 539
"../../../Engine/Plugins/Editor/SpeedTreeImporter/Content/SpeedTree9/SpeedTreeBranchMotion.uexp" 540
"../../../Engine/Plugins/Editor/SpeedTreeImporter/Content/SpeedTree9/SpeedTreeWind.uasset" 541
"../../../Engine/Plugins/Editor/SpeedTreeImporter/Content/SpeedTree9/SpeedTreeWind.uexp" 542
"../../../Engine/Plugins/Editor/SpeedTreeImporter/Content/SpeedTree9/EmptyNormal.uasset" 543
"../../../Engine/Plugins/Editor/SpeedTreeImporter/Content/SpeedTree9/EmptyNormal.uexp" 544
"../../../Engine/Plugins/Editor/SpeedTreeImporter/Content/SpeedTree9/Empty.uasset" 545
"../../../Engine/Plugins/Editor/SpeedTreeImporter/Content/SpeedTree9/Empty.uexp" 546
"../../../Engine/Plugins/Editor/SpeedTreeImporter/Content/SpeedTree9/SpeedTreeMaster.uasset" 547
"../../../Engine/Plugins/Editor/SpeedTreeImporter/Content/SpeedTree9/SpeedTreeMaster.uexp" 548
"../../../Engine/Plugins/Editor/SpeedTreeImporter/Content/SpeedTree9/SpeedTreeBillboard.uasset" 549
"../../../Engine/Plugins/Editor/SpeedTreeImporter/Content/SpeedTree9/SpeedTreeBillboard.uexp" 550
"../../../Engine/Plugins/Editor/SpeedTreeImporter/Content/SpeedTree9/SpeedTreeBillboardMaster.uasset" 551
"../../../Engine/Plugins/Editor/SpeedTreeImporter/Content/SpeedTree9/SpeedTreeBillboardMaster.uexp" 552
"../../../Engine/Plugins/Runtime/HairStrands/Content/Materials/HairMeshesDefaultMaterial.uasset" 553
"../../../Engine/Plugins/Runtime/HairStrands/Content/Materials/HairMeshesDefaultMaterial.uexp" 554
"../../../Engine/Plugins/Runtime/HairStrands/Content/Materials/HairDefaultMaterial.uasset" 555
"../../../Engine/Plugins/Runtime/HairStrands/Content/Materials/HairDefaultMaterial.uexp" 556
"../../../Engine/Plugins/Runtime/HairStrands/Content/Materials/HairGroupColors.uasset" 557
"../../../Engine/Plugins/Runtime/HairStrands/Content/Materials/HairGroupColors.uexp" 558
"../../../Engine/Content/EngineMaterials/HairColorMap.uasset" 559
"../../../Engine/Content/EngineMaterials/HairColorMap.uexp" 560
"../../../Engine/Content/EngineMaterials/HairDebugColor.uasset" 561
"../../../Engine/Content/EngineMaterials/HairDebugColor.uexp" 562
"../../../Engine/Plugins/Runtime/HairStrands/Content/Materials/HairDebugMaterial.uasset" 563
"../../../Engine/Plugins/Runtime/HairStrands/Content/Materials/HairDebugMaterial.uexp" 564
"../../../Engine/Plugins/Runtime/HairStrands/Content/Materials/HairCardsDefaultMaterial.uasset" 565
"../../../Engine/Plugins/Runtime/HairStrands/Content/Materials/HairCardsDefaultMaterial.uexp" 566
"../../../Engine/Plugins/Runtime/Oculus/OculusVR/Content/Materials/PokeAHoleMaterial.uasset" 567
"../../../Engine/Plugins/Runtime/Oculus/OculusVR/Content/Materials/PokeAHoleMaterial.uexp" 568
"../../../Engine/Plugins/Runtime/Oculus/OculusVR/Content/Materials/OculusMR_OpaqueColoredMaterial.uasset" 569
"../../../Engine/Plugins/Runtime/Oculus/OculusVR/Content/Materials/OculusMR_OpaqueColoredMaterial.uexp" 570
"../../../Engine/Content/Functions/Engine_MaterialFunctions02/Utility/BreakOutFloat4Components.uasset" 571
"../../../Engine/Content/Functions/Engine_MaterialFunctions02/Utility/BreakOutFloat4Components.uexp" 572
"../../../Engine/Plugins/Runtime/Oculus/OculusVR/Content/Materials/OculusMR_ChromaKey.uasset" 573
"../../../Engine/Plugins/Runtime/Oculus/OculusVR/Content/Materials/OculusMR_ChromaKey.uexp" 574
"../../../Engine/Plugins/Runtime/Oculus/OculusVR/Content/Textures/TouchForQuestRiftSController_albedo.ubulk" 575
"../../../Engine/Plugins/Runtime/Oculus/OculusVR/Content/Textures/TouchForQuestRiftSController_albedo.uasset" 576
"../../../Engine/Plugins/Runtime/Oculus/OculusVR/Content/Textures/TouchForQuestRiftSController_albedo.uexp" 577
"../../../Engine/Plugins/Runtime/Oculus/OculusVR/Content/Materials/TouchForQuestRiftSControllerMaterial.uasset" 578
"../../../Engine/Plugins/Runtime/Oculus/OculusVR/Content/Materials/TouchForQuestRiftSControllerMaterial.uexp" 579
"../../../Engine/Plugins/Runtime/Oculus/OculusVR/Content/Meshes/RightTouchForQuestRiftSController.ubulk" 580
"../../../Engine/Plugins/Runtime/Oculus/OculusVR/Content/Meshes/RightTouchForQuestRiftSController.uasset" 581
"../../../Engine/Plugins/Runtime/Oculus/OculusVR/Content/Meshes/RightTouchForQuestRiftSController.uexp" 582
"../../../Engine/Plugins/Runtime/Oculus/OculusVR/Content/Textures/touchController_albedo.ubulk" 583
"../../../Engine/Plugins/Runtime/Oculus/OculusVR/Content/Textures/touchController_albedo.uasset" 584
"../../../Engine/Plugins/Runtime/Oculus/OculusVR/Content/Textures/touchController_albedo.uexp" 585
"../../../Engine/Plugins/Runtime/Oculus/OculusVR/Content/Textures/touchController_controlmap.ubulk" 586
"../../../Engine/Plugins/Runtime/Oculus/OculusVR/Content/Textures/touchController_controlmap.uasset" 587
"../../../Engine/Plugins/Runtime/Oculus/OculusVR/Content/Textures/touchController_controlmap.uexp" 588
"../../../Engine/Plugins/Runtime/Oculus/OculusVR/Content/Materials/touchController_mat.uasset" 589
"../../../Engine/Plugins/Runtime/Oculus/OculusVR/Content/Materials/touchController_mat.uexp" 590
"../../../Engine/Plugins/Runtime/Oculus/OculusVR/Content/Meshes/RightTouchController.ubulk" 591
"../../../Engine/Plugins/Runtime/Oculus/OculusVR/Content/Meshes/RightTouchController.uasset" 592
"../../../Engine/Plugins/Runtime/Oculus/OculusVR/Content/Meshes/RightTouchController.uexp" 593
"../../../Engine/Plugins/Runtime/Oculus/OculusVR/Content/Meshes/RiftHMD.ubulk" 594
"../../../Engine/Plugins/Runtime/Oculus/OculusVR/Content/Meshes/RiftHMD.uasset" 595
"../../../Engine/Plugins/Runtime/Oculus/OculusVR/Content/Meshes/RiftHMD.uexp" 596
"../../../Engine/Plugins/Runtime/Oculus/OculusVR/Content/Meshes/LeftTouchForQuestRiftSController.ubulk" 597
"../../../Engine/Plugins/Runtime/Oculus/OculusVR/Content/Meshes/LeftTouchForQuestRiftSController.uasset" 598
"../../../Engine/Plugins/Runtime/Oculus/OculusVR/Content/Meshes/LeftTouchForQuestRiftSController.uexp" 599
"../../../Engine/Plugins/Runtime/Oculus/OculusVR/Content/Meshes/LeftTouchController.ubulk" 600
"../../../Engine/Plugins/Runtime/Oculus/OculusVR/Content/Meshes/LeftTouchController.uasset" 601
"../../../Engine/Plugins/Runtime/Oculus/OculusVR/Content/Meshes/LeftTouchController.uexp" 602
"../../../Engine/Content/EngineResources/Black.uasset" 603
"../../../Engine/Content/EngineResources/Black.uexp" 604
"../../../Engine/Plugins/Runtime/OpenXR/Content/Devices/M_XRController.uasset" 605
"../../../Engine/Plugins/Runtime/OpenXR/Content/Devices/M_XRController.uexp" 606
"../../../Engine/Plugins/Runtime/OpenXR/Content/Devices/HTCVive/BaseTexture.ubulk" 607
"../../../Engine/Plugins/Runtime/OpenXR/Content/Devices/HTCVive/BaseTexture.uasset" 608
"../../../Engine/Plugins/Runtime/OpenXR/Content/Devices/HTCVive/BaseTexture.uexp" 609
"../../../Engine/Plugins/Runtime/OpenXR/Content/Devices/HTCVive/MI_HTCVive.uasset" 610
"../../../Engine/Plugins/Runtime/OpenXR/Content/Devices/HTCVive/MI_HTCVive.uexp" 611
"../../../Engine/Plugins/Runtime/OpenXR/Content/Devices/HTCVive/HTCViveController.ubulk" 612
"../../../Engine/Plugins/Runtime/OpenXR/Content/Devices/HTCVive/HTCViveController.uasset" 613
"../../../Engine/Plugins/Runtime/OpenXR/Content/Devices/HTCVive/HTCViveController.uexp" 614
"../../../Engine/Plugins/Runtime/OpenXR/Content/Devices/MicrosoftMixedReality/NormalTexture.ubulk" 615
"../../../Engine/Plugins/Runtime/OpenXR/Content/Devices/MicrosoftMixedReality/NormalTexture.uasset" 616
"../../../Engine/Plugins/Runtime/OpenXR/Content/Devices/MicrosoftMixedReality/NormalTexture.uexp" 617
"../../../Engine/Plugins/Runtime/OpenXR/Content/Devices/MicrosoftMixedReality/EmissiveTexture.ubulk" 618
"../../../Engine/Plugins/Runtime/OpenXR/Content/Devices/MicrosoftMixedReality/EmissiveTexture.uasset" 619
"../../../Engine/Plugins/Runtime/OpenXR/Content/Devices/MicrosoftMixedReality/EmissiveTexture.uexp" 620
"../../../Engine/Plugins/Runtime/OpenXR/Content/Devices/MicrosoftMixedReality/BaseTexture.ubulk" 621
"../../../Engine/Plugins/Runtime/OpenXR/Content/Devices/MicrosoftMixedReality/BaseTexture.uasset" 622
"../../../Engine/Plugins/Runtime/OpenXR/Content/Devices/MicrosoftMixedReality/BaseTexture.uexp" 623
"../../../Engine/Plugins/Runtime/OpenXR/Content/Devices/MicrosoftMixedReality/MRTexture.ubulk" 624
"../../../Engine/Plugins/Runtime/OpenXR/Content/Devices/MicrosoftMixedReality/MRTexture.uasset" 625
"../../../Engine/Plugins/Runtime/OpenXR/Content/Devices/MicrosoftMixedReality/MRTexture.uexp" 626
"../../../Engine/Plugins/Runtime/OpenXR/Content/Devices/MicrosoftMixedReality/MI_MicrosoftMixedReality.uasset" 627
"../../../Engine/Plugins/Runtime/OpenXR/Content/Devices/MicrosoftMixedReality/MI_MicrosoftMixedReality.uexp" 628
"../../../Engine/Plugins/Runtime/OpenXR/Content/Devices/MicrosoftMixedReality/Left/left_MicrosoftMixedRealityController.ubulk" 629
"../../../Engine/Plugins/Runtime/OpenXR/Content/Devices/MicrosoftMixedReality/Left/left_MicrosoftMixedRealityController.uasset" 630
"../../../Engine/Plugins/Runtime/OpenXR/Content/Devices/MicrosoftMixedReality/Left/left_MicrosoftMixedRealityController.uexp" 631
"../../../Engine/Plugins/Runtime/OpenXR/Content/Devices/MicrosoftMixedReality/Right/right_MicrosoftMixedRealityController.ubulk" 632
"../../../Engine/Plugins/Runtime/OpenXR/Content/Devices/MicrosoftMixedReality/Right/right_MicrosoftMixedRealityController.uasset" 633
"../../../Engine/Plugins/Runtime/OpenXR/Content/Devices/MicrosoftMixedReality/Right/right_MicrosoftMixedRealityController.uexp" 634
"../../../Engine/Plugins/Runtime/OpenXR/Content/Devices/OculusGo/BaseTexture.ubulk" 635
"../../../Engine/Plugins/Runtime/OpenXR/Content/Devices/OculusGo/BaseTexture.uasset" 636
"../../../Engine/Plugins/Runtime/OpenXR/Content/Devices/OculusGo/BaseTexture.uexp" 637
"../../../Engine/Plugins/Runtime/OpenXR/Content/Devices/OculusGo/MI_OculusGo.uasset" 638
"../../../Engine/Plugins/Runtime/OpenXR/Content/Devices/OculusGo/MI_OculusGo.uexp" 639
"../../../Engine/Plugins/Runtime/OpenXR/Content/Devices/OculusGo/OculusGoController.ubulk" 640
"../../../Engine/Plugins/Runtime/OpenXR/Content/Devices/OculusGo/OculusGoController.uasset" 641
"../../../Engine/Plugins/Runtime/OpenXR/Content/Devices/OculusGo/OculusGoController.uexp" 642
"../../../Engine/Plugins/Runtime/OpenXR/Content/Devices/OculusTouch/BaseTexture.ubulk" 643
"../../../Engine/Plugins/Runtime/OpenXR/Content/Devices/OculusTouch/BaseTexture.uasset" 644
"../../../Engine/Plugins/Runtime/OpenXR/Content/Devices/OculusTouch/BaseTexture.uexp" 645
"../../../Engine/Plugins/Runtime/OpenXR/Content/Devices/OculusTouch/MRTexture.ubulk" 646
"../../../Engine/Plugins/Runtime/OpenXR/Content/Devices/OculusTouch/MRTexture.uasset" 647
"../../../Engine/Plugins/Runtime/OpenXR/Content/Devices/OculusTouch/MRTexture.uexp" 648
"../../../Engine/Plugins/Runtime/OpenXR/Content/Devices/OculusTouch/MI_OculusTouch.uasset" 649
"../../../Engine/Plugins/Runtime/OpenXR/Content/Devices/OculusTouch/MI_OculusTouch.uexp" 650
"../../../Engine/Plugins/Runtime/OpenXR/Content/Devices/OculusTouch/Left/left_OculusTouchController.ubulk" 651
"../../../Engine/Plugins/Runtime/OpenXR/Content/Devices/OculusTouch/Left/left_OculusTouchController.uasset" 652
"../../../Engine/Plugins/Runtime/OpenXR/Content/Devices/OculusTouch/Left/left_OculusTouchController.uexp" 653
"../../../Engine/Plugins/Runtime/OpenXR/Content/Devices/OculusTouch/Right/right_OculusTouchController.ubulk" 654
"../../../Engine/Plugins/Runtime/OpenXR/Content/Devices/OculusTouch/Right/right_OculusTouchController.uasset" 655
"../../../Engine/Plugins/Runtime/OpenXR/Content/Devices/OculusTouch/Right/right_OculusTouchController.uexp" 656
"../../../Engine/Plugins/Runtime/OpenXR/Content/Devices/OculusTouch_v2/BaseTexture.ubulk" 657
"../../../Engine/Plugins/Runtime/OpenXR/Content/Devices/OculusTouch_v2/BaseTexture.uasset" 658
"../../../Engine/Plugins/Runtime/OpenXR/Content/Devices/OculusTouch_v2/BaseTexture.uexp" 659
"../../../Engine/Plugins/Runtime/OpenXR/Content/Devices/OculusTouch_v2/MRTexture.ubulk" 660
"../../../Engine/Plugins/Runtime/OpenXR/Content/Devices/OculusTouch_v2/MRTexture.uasset" 661
"../../../Engine/Plugins/Runtime/OpenXR/Content/Devices/OculusTouch_v2/MRTexture.uexp" 662
"../../../Engine/Plugins/Runtime/OpenXR/Content/Devices/OculusTouch_v2/MI_OculusTouch_v2.uasset" 663
"../../../Engine/Plugins/Runtime/OpenXR/Content/Devices/OculusTouch_v2/MI_OculusTouch_v2.uexp" 664
"../../../Engine/Plugins/Runtime/OpenXR/Content/Devices/OculusTouch_v2/Left/left_OculusTouch_v2Controller.ubulk" 665
"../../../Engine/Plugins/Runtime/OpenXR/Content/Devices/OculusTouch_v2/Left/left_OculusTouch_v2Controller.uasset" 666
"../../../Engine/Plugins/Runtime/OpenXR/Content/Devices/OculusTouch_v2/Left/left_OculusTouch_v2Controller.uexp" 667
"../../../Engine/Plugins/Runtime/OpenXR/Content/Devices/OculusTouch_v2/Right/right_OculusTouch_v2Controller.ubulk" 668
"../../../Engine/Plugins/Runtime/OpenXR/Content/Devices/OculusTouch_v2/Right/right_OculusTouch_v2Controller.uasset" 669
"../../../Engine/Plugins/Runtime/OpenXR/Content/Devices/OculusTouch_v2/Right/right_OculusTouch_v2Controller.uexp" 670
"../../../Engine/Plugins/Runtime/OpenXR/Content/Devices/OculusTouch_v3/MRTexture.ubulk" 671
"../../../Engine/Plugins/Runtime/OpenXR/Content/Devices/OculusTouch_v3/MRTexture.uasset" 672
"../../../Engine/Plugins/Runtime/OpenXR/Content/Devices/OculusTouch_v3/MRTexture.uexp" 673
"../../../Engine/Plugins/Runtime/OpenXR/Content/Devices/OculusTouch_v3/BaseTexture.ubulk" 674
"../../../Engine/Plugins/Runtime/OpenXR/Content/Devices/OculusTouch_v3/BaseTexture.uasset" 675
"../../../Engine/Plugins/Runtime/OpenXR/Content/Devices/OculusTouch_v3/BaseTexture.uexp" 676
"../../../Engine/Plugins/Runtime/OpenXR/Content/Devices/OculusTouch_v3/MI_OculusTouch_v3.uasset" 677
"../../../Engine/Plugins/Runtime/OpenXR/Content/Devices/OculusTouch_v3/MI_OculusTouch_v3.uexp" 678
"../../../Engine/Plugins/Runtime/OpenXR/Content/Devices/OculusTouch_v3/Left/left_OculusTouch_v3Controller.ubulk" 679
"../../../Engine/Plugins/Runtime/OpenXR/Content/Devices/OculusTouch_v3/Left/left_OculusTouch_v3Controller.uasset" 680
"../../../Engine/Plugins/Runtime/OpenXR/Content/Devices/OculusTouch_v3/Left/left_OculusTouch_v3Controller.uexp" 681
"../../../Engine/Plugins/Runtime/OpenXR/Content/Devices/OculusTouch_v3/Right/right_OculusTouch_v3Controller.ubulk" 682
"../../../Engine/Plugins/Runtime/OpenXR/Content/Devices/OculusTouch_v3/Right/right_OculusTouch_v3Controller.uasset" 683
"../../../Engine/Plugins/Runtime/OpenXR/Content/Devices/OculusTouch_v3/Right/right_OculusTouch_v3Controller.uexp" 684
"../../../Engine/Plugins/Runtime/OpenXR/Content/Devices/ValveIndex/MRTexture.ubulk" 685
"../../../Engine/Plugins/Runtime/OpenXR/Content/Devices/ValveIndex/MRTexture.uasset" 686
"../../../Engine/Plugins/Runtime/OpenXR/Content/Devices/ValveIndex/MRTexture.uexp" 687
"../../../Engine/Plugins/Runtime/OpenXR/Content/Devices/ValveIndex/BaseTexture.ubulk" 688
"../../../Engine/Plugins/Runtime/OpenXR/Content/Devices/ValveIndex/BaseTexture.uasset" 689
"../../../Engine/Plugins/Runtime/OpenXR/Content/Devices/ValveIndex/BaseTexture.uexp" 690
"../../../Engine/Plugins/Runtime/OpenXR/Content/Devices/ValveIndex/Left/MI_left_ValveIndex.uasset" 691
"../../../Engine/Plugins/Runtime/OpenXR/Content/Devices/ValveIndex/Left/MI_left_ValveIndex.uexp" 692
"../../../Engine/Plugins/Runtime/OpenXR/Content/Devices/ValveIndex/Left/left_ValveIndexController.ubulk" 693
"../../../Engine/Plugins/Runtime/OpenXR/Content/Devices/ValveIndex/Left/left_ValveIndexController.uasset" 694
"../../../Engine/Plugins/Runtime/OpenXR/Content/Devices/ValveIndex/Left/left_ValveIndexController.uexp" 695
"../../../Engine/Plugins/Runtime/OpenXR/Content/Devices/ValveIndex/Right/MI_right_ValveIndex.uasset" 696
"../../../Engine/Plugins/Runtime/OpenXR/Content/Devices/ValveIndex/Right/MI_right_ValveIndex.uexp" 697
"../../../Engine/Plugins/Runtime/OpenXR/Content/Devices/ValveIndex/Right/right_ValveIndexController.ubulk" 698
"../../../Engine/Plugins/Runtime/OpenXR/Content/Devices/ValveIndex/Right/right_ValveIndexController.uasset" 699
"../../../Engine/Plugins/Runtime/OpenXR/Content/Devices/ValveIndex/Right/right_ValveIndexController.uexp" 700
"../../../Engine/Content/Functions/Engine_MaterialFunctions02/Utility/BlendAngleCorrectedNormals.uasset" 701
"../../../Engine/Content/Functions/Engine_MaterialFunctions02/Utility/BlendAngleCorrectedNormals.uexp" 702
"../../../Engine/Content/Functions/MaterialLayerFunctions/MatLayerBlend_NormalBlend.uasset" 703
"../../../Engine/Content/Functions/MaterialLayerFunctions/MatLayerBlend_NormalBlend.uexp" 704
"C:/Users/rousseau.alexandre/Documents/Unreal Projects/MyProject/Content/FirstPersonArms/Character/Materials/MaterialLayers/T_ML_Rubber_Blue_01_N.ubulk" 705
"C:/Users/rousseau.alexandre/Documents/Unreal Projects/MyProject/Content/FirstPersonArms/Character/Materials/MaterialLayers/T_ML_Rubber_Blue_01_N.uasset" 706
"C:/Users/rousseau.alexandre/Documents/Unreal Projects/MyProject/Content/FirstPersonArms/Character/Materials/MaterialLayers/T_ML_Rubber_Blue_01_N.uexp" 707
"C:/Users/rousseau.alexandre/Documents/Unreal Projects/MyProject/Content/FirstPersonArms/Character/Materials/MaterialLayers/T_ML_Rubber_Blue_01_D.ubulk" 708
"C:/Users/rousseau.alexandre/Documents/Unreal Projects/MyProject/Content/FirstPersonArms/Character/Materials/MaterialLayers/T_ML_Rubber_Blue_01_D.uasset" 709
"C:/Users/rousseau.alexandre/Documents/Unreal Projects/MyProject/Content/FirstPersonArms/Character/Materials/MaterialLayers/T_ML_Rubber_Blue_01_D.uexp" 710
"C:/Users/rousseau.alexandre/Documents/Unreal Projects/MyProject/Content/FirstPersonArms/Character/Materials/MaterialLayers/ML_GlossyBlack_Latex_UE4.uasset" 711
"C:/Users/rousseau.alexandre/Documents/Unreal Projects/MyProject/Content/FirstPersonArms/Character/Materials/MaterialLayers/ML_GlossyBlack_Latex_UE4.uexp" 712
"C:/Users/rousseau.alexandre/Documents/Unreal Projects/MyProject/Content/FirstPersonArms/Character/Textures/UE4_Mannequin_MAT_MASKA.ubulk" 713
"C:/Users/rousseau.alexandre/Documents/Unreal Projects/MyProject/Content/FirstPersonArms/Character/Textures/UE4_Mannequin_MAT_MASKA.uasset" 714
"C:/Users/rousseau.alexandre/Documents/Unreal Projects/MyProject/Content/FirstPersonArms/Character/Textures/UE4_Mannequin_MAT_MASKA.uexp" 715
"C:/Users/rousseau.alexandre/Documents/Unreal Projects/MyProject/Content/FirstPersonArms/Character/Textures/UE4_LOGO_CARD.ubulk" 716
"C:/Users/rousseau.alexandre/Documents/Unreal Projects/MyProject/Content/FirstPersonArms/Character/Textures/UE4_LOGO_CARD.uasset" 717
"C:/Users/rousseau.alexandre/Documents/Unreal Projects/MyProject/Content/FirstPersonArms/Character/Textures/UE4_LOGO_CARD.uexp" 718
"C:/Users/rousseau.alexandre/Documents/Unreal Projects/MyProject/Content/FirstPersonArms/Character/Materials/MaterialLayers/ML_Plastic_Shiny_Beige_LOGO.uasset" 719
"C:/Users/rousseau.alexandre/Documents/Unreal Projects/MyProject/Content/FirstPersonArms/Character/Materials/MaterialLayers/ML_Plastic_Shiny_Beige_LOGO.uexp" 720
"../../../Engine/Content/Functions/MaterialLayerFunctions/MatLayerBlend_Simple.uasset" 721
"../../../Engine/Content/Functions/MaterialLayerFunctions/MatLayerBlend_Simple.uexp" 722
"C:/Users/rousseau.alexandre/Documents/Unreal Projects/MyProject/Content/FirstPersonArms/Character/Materials/MaterialLayers/T_ML_Aluminum01.ubulk" 723
"C:/Users/rousseau.alexandre/Documents/Unreal Projects/MyProject/Content/FirstPersonArms/Character/Materials/MaterialLayers/T_ML_Aluminum01.uasset" 724
"C:/Users/rousseau.alexandre/Documents/Unreal Projects/MyProject/Content/FirstPersonArms/Character/Materials/MaterialLayers/T_ML_Aluminum01.uexp" 725
"C:/Users/rousseau.alexandre/Documents/Unreal Projects/MyProject/Content/FirstPersonArms/Character/Materials/MaterialLayers/T_ML_Aluminum01_N.ubulk" 726
"C:/Users/rousseau.alexandre/Documents/Unreal Projects/MyProject/Content/FirstPersonArms/Character/Materials/MaterialLayers/T_ML_Aluminum01_N.uasset" 727
"C:/Users/rousseau.alexandre/Documents/Unreal Projects/MyProject/Content/FirstPersonArms/Character/Materials/MaterialLayers/T_ML_Aluminum01_N.uexp" 728
"C:/Users/rousseau.alexandre/Documents/Unreal Projects/MyProject/Content/FirstPersonArms/Character/Materials/MaterialLayers/ML_SoftMetal_UE4.uasset" 729
"C:/Users/rousseau.alexandre/Documents/Unreal Projects/MyProject/Content/FirstPersonArms/Character/Materials/MaterialLayers/ML_SoftMetal_UE4.uexp" 730
"C:/Users/rousseau.alexandre/Documents/Unreal Projects/MyProject/Content/FirstPersonArms/Character/Materials/MaterialLayers/ML_Plastic_Shiny_Beige.uasset" 731
"C:/Users/rousseau.alexandre/Documents/Unreal Projects/MyProject/Content/FirstPersonArms/Character/Materials/MaterialLayers/ML_Plastic_Shiny_Beige.uexp" 732
"C:/Users/rousseau.alexandre/Documents/Unreal Projects/MyProject/Content/FirstPersonArms/Character/Textures/UE4_Mannequin__normals.ubulk" 733
"C:/Users/rousseau.alexandre/Documents/Unreal Projects/MyProject/Content/FirstPersonArms/Character/Textures/UE4_Mannequin__normals.uasset" 734
"C:/Users/rousseau.alexandre/Documents/Unreal Projects/MyProject/Content/FirstPersonArms/Character/Textures/UE4_Mannequin__normals.uexp" 735
"C:/Users/rousseau.alexandre/Documents/Unreal Projects/MyProject/Content/FirstPersonArms/Character/Materials/M_UE4Man_Body.uasset" 736
"C:/Users/rousseau.alexandre/Documents/Unreal Projects/MyProject/Content/FirstPersonArms/Character/Materials/M_UE4Man_Body.uexp" 737
"C:/Users/rousseau.alexandre/Documents/Unreal Projects/MyProject/Content/FirstPersonArms/Character/Mesh/SK_Mannequin_Arms_PhysicsAsset.uasset" 738
"C:/Users/rousseau.alexandre/Documents/Unreal Projects/MyProject/Content/FirstPersonArms/Character/Mesh/SK_Mannequin_Arms_PhysicsAsset.uexp" 739
"C:/Users/rousseau.alexandre/Documents/Unreal Projects/MyProject/Content/FirstPersonArms/Character/Mesh/SK_Mannequin_Arms_Skeleton.uasset" 740
"C:/Users/rousseau.alexandre/Documents/Unreal Projects/MyProject/Content/FirstPersonArms/Character/Mesh/SK_Mannequin_Arms_Skeleton.uexp" 741
"C:/Users/rousseau.alexandre/Documents/Unreal Projects/MyProject/Content/FirstPersonArms/Character/Mesh/SK_Mannequin_Arms.uasset" 742
"C:/Users/rousseau.alexandre/Documents/Unreal Projects/MyProject/Content/FirstPersonArms/Character/Mesh/SK_Mannequin_Arms.uexp" 743
"../../../Engine/Content/BasicShapes/Sphere.ubulk" 744
"../../../Engine/Content/BasicShapes/Sphere.uasset" 745
"../../../Engine/Content/BasicShapes/Sphere.uexp" 746
"../../../Engine/Content/BasicShapes/Cube.ubulk" 747
"../../../Engine/Content/BasicShapes/Cube.uasset" 748
"../../../Engine/Content/BasicShapes/Cube.uexp" 749
"../../../Engine/Content/BasicShapes/BasicShapeMaterial.uasset" 750
"../../../Engine/Content/BasicShapes/BasicShapeMaterial.uexp" 751
"C:/Users/rousseau.alexandre/Documents/Unreal Projects/MyProject/Content/SteamBlast/Actors/BP_ProjectileJumpMine.uasset" 752
"C:/Users/rousseau.alexandre/Documents/Unreal Projects/MyProject/Content/SteamBlast/Actors/BP_ProjectileJumpMine.uexp" 753
"../../../Engine/Content/EditorBlueprintResources/StandardMacros.uasset" 754
"../../../Engine/Content/EditorBlueprintResources/StandardMacros.uexp" 755
"C:/Users/rousseau.alexandre/Documents/Unreal Projects/MyProject/Content/LevelPrototyping/Materials/M_Solid.uasset" 756
"C:/Users/rousseau.alexandre/Documents/Unreal Projects/MyProject/Content/LevelPrototyping/Materials/M_Solid.uexp" 757
"C:/Users/rousseau.alexandre/Documents/Unreal Projects/MyProject/Content/LevelPrototyping/Materials/MI_Solid_Blue.uasset" 758
"C:/Users/rousseau.alexandre/Documents/Unreal Projects/MyProject/Content/LevelPrototyping/Materials/MI_Solid_Blue.uexp" 759
"C:/Users/rousseau.alexandre/Documents/Unreal Projects/MyProject/Content/SteamBlast/Assets/PlaceHolder/TrajectoryCube.ubulk" 760
"C:/Users/rousseau.alexandre/Documents/Unreal Projects/MyProject/Content/SteamBlast/Assets/PlaceHolder/TrajectoryCube.uasset" 761
"C:/Users/rousseau.alexandre/Documents/Unreal Projects/MyProject/Content/SteamBlast/Assets/PlaceHolder/TrajectoryCube.uexp" 762
"C:/Users/rousseau.alexandre/Documents/Unreal Projects/MyProject/Content/FirstPerson/Blueprints/BP_FirstPersonCharacter.uasset" 763
"C:/Users/rousseau.alexandre/Documents/Unreal Projects/MyProject/Content/FirstPerson/Blueprints/BP_FirstPersonCharacter.uexp" 764
"C:/Users/rousseau.alexandre/Documents/Unreal Projects/MyProject/Content/FirstPerson/Blueprints/BP_FirstPersonGameMode.uasset" 765
"C:/Users/rousseau.alexandre/Documents/Unreal Projects/MyProject/Content/FirstPerson/Blueprints/BP_FirstPersonGameMode.uexp" 766
"../../../Engine/Content/Maps/Entry_BuiltData.uasset" 767
"../../../Engine/Content/Maps/Entry_BuiltData.uexp" 768
"../../../Engine/Content/Maps/Entry.uexp" 769
"../../../Engine/Content/Maps/Entry.umap" 770
"C:/Users/rousseau.alexandre/Documents/Unreal Projects/MyProject/Content/SteamBlast/Assets/PlaceHolder/PipeTest2.ubulk" 771
"C:/Users/rousseau.alexandre/Documents/Unreal Projects/MyProject/Content/SteamBlast/Assets/PlaceHolder/PipeTest2.uasset" 772
"C:/Users/rousseau.alexandre/Documents/Unreal Projects/MyProject/Content/SteamBlast/Assets/PlaceHolder/PipeTest2.uexp" 773
"../../../Engine/Content/Functions/Engine_MaterialFunctions01/Gradient/LinearGradient.uasset" 774
"../../../Engine/Content/Functions/Engine_MaterialFunctions01/Gradient/LinearGradient.uexp" 775
"../../../Engine/Content/Functions/Engine_MaterialFunctions01/ImageAdjustment/CheapContrast.uasset" 776
"../../../Engine/Content/Functions/Engine_MaterialFunctions01/ImageAdjustment/CheapContrast.uexp" 777
"../../../Engine/Content/OpenWorldTemplate/LandscapeMaterial/MF_Checker.uasset" 778
"../../../Engine/Content/OpenWorldTemplate/LandscapeMaterial/MF_Checker.uexp" 779
"../../../Engine/Content/OpenWorldTemplate/LandscapeMaterial/MF_RSquareGradient.uasset" 780
"../../../Engine/Content/OpenWorldTemplate/LandscapeMaterial/MF_RSquareGradient.uexp" 781
"../../../Engine/Content/OpenWorldTemplate/LandscapeMaterial/MF_ProcGrid.uasset" 782
"../../../Engine/Content/OpenWorldTemplate/LandscapeMaterial/MF_ProcGrid.uexp" 783
"C:/Users/rousseau.alexandre/Documents/Unreal Projects/MyProject/Content/LevelPrototyping/Textures/T_Hologrid.ubulk" 784
"C:/Users/rousseau.alexandre/Documents/Unreal Projects/MyProject/Content/LevelPrototyping/Textures/T_Hologrid.uasset" 785
"C:/Users/rousseau.alexandre/Documents/Unreal Projects/MyProject/Content/LevelPrototyping/Textures/T_Hologrid.uexp" 786
"../../../Engine/Content/Functions/Engine_MaterialFunctions01/Texturing/WorldAlignedTexture.uasset" 787
"../../../Engine/Content/Functions/Engine_MaterialFunctions01/Texturing/WorldAlignedTexture.uexp" 788
"C:/Users/rousseau.alexandre/Documents/Unreal Projects/MyProject/Content/LevelPrototyping/Materials/M_PrototypeGrid.uasset" 789
"C:/Users/rousseau.alexandre/Documents/Unreal Projects/MyProject/Content/LevelPrototyping/Materials/M_PrototypeGrid.uexp" 790
"C:/Users/rousseau.alexandre/Documents/Unreal Projects/MyProject/Content/LevelPrototyping/Materials/MI_PrototypeGrid_Gray.uasset" 791
"C:/Users/rousseau.alexandre/Documents/Unreal Projects/MyProject/Content/LevelPrototyping/Materials/MI_PrototypeGrid_Gray.uexp" 792
"C:/Users/rousseau.alexandre/Documents/Unreal Projects/MyProject/Content/LevelPrototyping/Meshes/SM_QuarterCylinder.ubulk" 793
"C:/Users/rousseau.alexandre/Documents/Unreal Projects/MyProject/Content/LevelPrototyping/Meshes/SM_QuarterCylinder.uasset" 794
"C:/Users/rousseau.alexandre/Documents/Unreal Projects/MyProject/Content/LevelPrototyping/Meshes/SM_QuarterCylinder.uexp" 795
"C:/Users/rousseau.alexandre/Documents/Unreal Projects/MyProject/Content/LevelPrototyping/Meshes/SM_Cube.ubulk" 796
"C:/Users/rousseau.alexandre/Documents/Unreal Projects/MyProject/Content/LevelPrototyping/Meshes/SM_Cube.uasset" 797
"C:/Users/rousseau.alexandre/Documents/Unreal Projects/MyProject/Content/LevelPrototyping/Meshes/SM_Cube.uexp" 798
"C:/Users/rousseau.alexandre/Documents/Unreal Projects/MyProject/Content/LevelPrototyping/Meshes/SM_ChamferCube.ubulk" 799
"C:/Users/rousseau.alexandre/Documents/Unreal Projects/MyProject/Content/LevelPrototyping/Meshes/SM_ChamferCube.uasset" 800
"C:/Users/rousseau.alexandre/Documents/Unreal Projects/MyProject/Content/LevelPrototyping/Meshes/SM_ChamferCube.uexp" 801
"C:/Users/rousseau.alexandre/Documents/Unreal Projects/MyProject/Content/SteamBlast/Assets/PlaceHolder/BigPipeCoude45PlaceHolder.ubulk" 802
"C:/Users/rousseau.alexandre/Documents/Unreal Projects/MyProject/Content/SteamBlast/Assets/PlaceHolder/BigPipeCoude45PlaceHolder.uasset" 803
"C:/Users/rousseau.alexandre/Documents/Unreal Projects/MyProject/Content/SteamBlast/Assets/PlaceHolder/BigPipeCoude45PlaceHolder.uexp" 804
"C:/Users/rousseau.alexandre/Documents/Unreal Projects/MyProject/Content/LevelPrototyping/Materials/MI_PrototypeGrid_TopDark.uasset" 805
"C:/Users/rousseau.alexandre/Documents/Unreal Projects/MyProject/Content/LevelPrototyping/Materials/MI_PrototypeGrid_TopDark.uexp" 806
"C:/Users/rousseau.alexandre/Documents/Unreal Projects/MyProject/Content/LevelPrototyping/Meshes/SM_Ramp.ubulk" 807
"C:/Users/rousseau.alexandre/Documents/Unreal Projects/MyProject/Content/LevelPrototyping/Meshes/SM_Ramp.uasset" 808
"C:/Users/rousseau.alexandre/Documents/Unreal Projects/MyProject/Content/LevelPrototyping/Meshes/SM_Ramp.uexp" 809
"C:/Users/rousseau.alexandre/Documents/Unreal Projects/MyProject/Content/SteamBlast/Actors/BP_JumpMine.uasset" 810
"C:/Users/rousseau.alexandre/Documents/Unreal Projects/MyProject/Content/SteamBlast/Actors/BP_JumpMine.uexp" 811
"C:/Users/rousseau.alexandre/Documents/Unreal Projects/MyProject/Content/SteamBlast/Level/SteamBlast.uexp" 812
"C:/Users/rousseau.alexandre/Documents/Unreal Projects/MyProject/Content/SteamBlast/Level/SteamBlast.umap" 813
